16:58:30.966 [main] INFO  testCases.TestCases - Opening home page
16:58:32.585 [main] INFO  testCases.TestCases - Clicking Gym Menu Icon
16:58:36.328 [main] INFO  testCases.TestCases - Getting the submenu of gym
16:58:38.303 [main] INFO  testCases.TestCases - Closing the browser
17:42:07.504 [main] INFO  testCases.TestCases - Chrome browser opened successfully
17:42:22.200 [main] INFO  testCases.TestCases - Starting Running Test Cases
17:42:23.957 [main] INFO  testCases.TestCases - Closing popup
17:42:29.175 [main] INFO  testCases.TestCases - Giving location input
17:42:32.367 [main] INFO  testCases.TestCases - Giving service input
17:43:20.333 [main] INFO  testCases.TestCases - Freelisting page is opened
17:43:21.004 [main] INFO  testCases.TestCases - Enter the wrong Number
17:43:22.046 [main] INFO  testCases.TestCases - Capturing error message
17:43:25.606 [main] INFO  testCases.TestCases - Opening home page
17:43:27.450 [main] INFO  testCases.TestCases - Clicking Gym Menu Icon
17:43:31.335 [main] INFO  testCases.TestCases - Getting the submenu of gym
17:43:33.688 [main] INFO  testCases.TestCases - Closing the browser
17:45:30.067 [main] INFO  testCases.TestCases - Chrome browser opened successfully
17:45:35.409 [main] INFO  testCases.TestCases - Starting Running Test Cases
17:45:41.046 [main] INFO  testCases.TestCases - Closing popup
17:45:44.187 [main] INFO  testCases.TestCases - Giving location input
17:45:46.870 [main] INFO  testCases.TestCases - Giving service input
17:46:27.329 [main] INFO  testCases.TestCases - Freelisting page is opened
17:46:27.670 [main] INFO  testCases.TestCases - Enter the wrong Number
17:46:28.442 [main] INFO  testCases.TestCases - Capturing error message
17:46:30.276 [main] INFO  testCases.TestCases - Opening home page
17:46:31.694 [main] INFO  testCases.TestCases - Clicking Gym Menu Icon
17:46:34.902 [main] INFO  testCases.TestCases - Getting the submenu of gym
17:46:36.242 [main] INFO  testCases.TestCases - Closing the browser
17:53:22.221 [main] INFO  testCases.TestCases - Chrome browser opened successfully
17:53:25.897 [main] INFO  testCases.TestCases - Starting Running Test Cases
17:53:31.868 [main] INFO  testCases.TestCases - Closing popup
17:53:34.234 [main] INFO  testCases.TestCases - Giving location input
17:53:36.516 [main] INFO  testCases.TestCases - Giving service input
17:54:15.197 [main] INFO  testCases.TestCases - Freelisting page is opened
17:54:15.580 [main] INFO  testCases.TestCases - Enter the wrong Number
17:54:16.189 [main] INFO  testCases.TestCases - Capturing error message
17:54:17.696 [main] INFO  testCases.TestCases - Opening home page
17:54:18.970 [main] INFO  testCases.TestCases - Clicking Gym Menu Icon
17:54:22.384 [main] INFO  testCases.TestCases - Getting the submenu of gym
17:54:23.853 [main] INFO  testCases.TestCases - Closing the browser
16:09:13.972 [main] INFO  testCases.TestCases - Chrome browser opened successfully
16:09:21.513 [main] INFO  testCases.TestCases - Starting Running Test Cases
16:09:27.222 [main] INFO  testCases.TestCases - Closing popup
16:09:32.194 [main] INFO  testCases.TestCases - Giving location input
16:09:36.598 [main] INFO  testCases.TestCases - Giving service input
16:09:49.175 [main] INFO  testCases.TestCases - Getting top 5 car wash services
16:09:52.590 [main] INFO  testCases.TestCases - Freelisting page is opened
16:09:53.042 [main] INFO  testCases.TestCases - Enter the wrong Number
16:09:53.756 [main] INFO  testCases.TestCases - Capturing error message
16:09:57.082 [main] INFO  testCases.TestCases - Opening home page
16:09:58.614 [main] INFO  testCases.TestCases - Clicking Gym Menu Icon
16:10:02.898 [main] INFO  testCases.TestCases - Getting the submenu of gym
16:10:05.325 [main] INFO  testCases.TestCases - Closing the browser
16:15:19.200 [main] INFO  testCases.TestCases - Chrome browser opened successfully
16:15:24.063 [main] INFO  testCases.TestCases - Starting Running Test Cases
16:15:30.183 [main] INFO  testCases.TestCases - Closing popup
16:15:32.706 [main] INFO  testCases.TestCases - Giving location input
16:15:35.468 [main] INFO  testCases.TestCases - Giving service input
16:15:44.619 [main] INFO  testCases.TestCases - Getting top 5 car wash services
16:16:01.992 [main] INFO  testCases.TestCases - Freelisting page is opened
16:16:02.618 [main] INFO  testCases.TestCases - Enter the wrong Number
16:16:03.341 [main] INFO  testCases.TestCases - Capturing error message
16:16:05.486 [main] INFO  testCases.TestCases - Opening home page
16:16:06.811 [main] INFO  testCases.TestCases - Clicking Gym Menu Icon
16:16:09.927 [main] INFO  testCases.TestCases - Getting the submenu of gym
16:16:11.536 [main] INFO  testCases.TestCases - Closing the browser
